<?xml version="1.0" encoding="UTF-8"?>
<!-- Generated by org.testng.reporters.JUnitXMLReporter -->
<testsuite ignored="2" hostname="DESKTOP-ENVP6HG" failures="0" tests="1" name="Surefire test" time="74.4" errors="0" timestamp="2024-02-12T18:19:00 EST">
  <testcase classname="org.thescore.TheScoreTest.TeamTest" name="FindTeam" time="58.322"/>
  <testcase classname="org.thescore.TestUtils.BaseTest" name="@AfterSuite tearDownSuite" time="0.0">
    <ignored/>
  </testcase> <!-- @AfterSuite tearDownSuite -->
  <testcase classname="org.thescore.TestUtils.BaseTest" name="@AfterTest tearDown" time="0.0">
    <ignored/>
  </testcase> <!-- @AfterTest tearDown -->
</testsuite> <!-- Surefire test -->
