<?xml version="1.0" encoding="UTF-8"?>
<testng-results ignored="0" total="3" passed="2" failed="1" skipped="0">
  <reporter-output>
    <line>
      <![CDATA[Validate app welcome page text...]]>
    </line>
    <line>
      <![CDATA[<h4>Completed the score onboarding flow</h4>]]>
    </line>
    <line>
      <![CDATA[1.Find and select team]]>
    </line>
    <line>
      <![CDATA[2.Verify that the team page opens correctly.]]>
    </line>
    <line>
      <![CDATA[<h4>Team name verification passed successfully.</h4>]]>
    </line>
    <line>
      <![CDATA[3.Tap on  player sub-tab ]]>
    </line>
    <line>
      <![CDATA[4.Verify correct tab and data displayed correctly]]>
    </line>
    <line>
      <![CDATA[<h4>Player Tab displayed successfully.</h4>]]>
    </line>
    <line>
      <![CDATA[5.Verify that back navigation returns to the previous page correctly.]]>
    </line>
    <line>
      <![CDATA[<h4>Navigated to previous page succeessfully</h4>]]>
    </line>
    <line>
      <![CDATA[Validate app welcome page text...]]>
    </line>
    <line>
      <![CDATA[<h4>Completed the score onboarding flow</h4>]]>
    </line>
    <line>
      <![CDATA[1.Find and select team]]>
    </line>
    <line>
      <![CDATA[2.Verify that the team page opens correctly.]]>
    </line>
    <line>
      <![CDATA[<h4>Team name verification passed successfully.</h4>]]>
    </line>
    <line>
      <![CDATA[3.Tap on  player sub-tab ]]>
    </line>
    <line>
      <![CDATA[4.Verify correct tab and data displayed correctly]]>
    </line>
    <line>
      <![CDATA[<h4>Player Tab displayed successfully.</h4>]]>
    </line>
    <line>
      <![CDATA[5.Verify that back navigation returns to the previous page correctly.]]>
    </line>
    <line>
      <![CDATA[<h4>Navigated to previous page succeessfully</h4>]]>
    </line>
  </reporter-output>
  <suite started-at="2024-02-15T18:44:52 EST" name="Suite" finished-at="2024-02-15T18:46:54 EST" duration-ms="122227">
    <groups>
    </groups>
    <test started-at="2024-02-15T18:44:52 EST" name="The Score - End to end Framework Test" finished-at="2024-02-15T18:46:54 EST" duration-ms="122227">
      <class name="org.thescore.TheScoreTest.MainTest">
        <test-method is-config="true" signature="ConfigureAppium()[pri:0, instance:org.thescore.TheScoreTest.MainTest@4201c465]" started-at="2024-02-15T18:44:52 EST" name="ConfigureAppium" finished-at="2024-02-15T18:45:12 EST" duration-ms="20789" status="PASS">
          <reporter-output>
          </reporter-output>
        </test-method> <!-- ConfigureAppium -->
        <test-method is-config="true" signature="setUp()[pri:0, instance:org.thescore.TheScoreTest.MainTest@4201c465]" started-at="2024-02-15T18:45:13 EST" name="setUp" finished-at="2024-02-15T18:45:13 EST" duration-ms="733" status="PASS">
          <reporter-output>
          </reporter-output>
        </test-method> <!-- setUp -->
        <test-method signature="TC01_OnboardUserandFindTeam(java.util.HashMap)[pri:0, instance:org.thescore.TheScoreTest.MainTest@4201c465]" started-at="2024-02-15T18:45:13 EST" name="TC01_OnboardUserandFindTeam" data-provider="getData" finished-at="2024-02-15T18:45:59 EST" duration-ms="45178" status="PASS">
          <params>
            <param index="0">
              <value>
                <![CDATA[{sport=Germany Soccer, league=GERMANY, team=Bayern Munich}]]>
              </value>
            </param>
          </params>
          <reporter-output>
            <line>
              <![CDATA[Validate app welcome page text...]]>
            </line>
            <line>
              <![CDATA[<h4>Completed the score onboarding flow</h4>]]>
            </line>
            <line>
              <![CDATA[1.Find and select team]]>
            </line>
            <line>
              <![CDATA[2.Verify that the team page opens correctly.]]>
            </line>
            <line>
              <![CDATA[<h4>Team name verification passed successfully.</h4>]]>
            </line>
            <line>
              <![CDATA[3.Tap on  player sub-tab ]]>
            </line>
            <line>
              <![CDATA[4.Verify correct tab and data displayed correctly]]>
            </line>
            <line>
              <![CDATA[<h4>Player Tab displayed successfully.</h4>]]>
            </line>
            <line>
              <![CDATA[5.Verify that back navigation returns to the previous page correctly.]]>
            </line>
            <line>
              <![CDATA[<h4>Navigated to previous page succeessfully</h4>]]>
            </line>
          </reporter-output>
        </test-method> <!-- TC01_OnboardUserandFindTeam -->
        <test-method is-config="true" signature="clearAppData()[pri:0, instance:org.thescore.TheScoreTest.MainTest@4201c465]" started-at="2024-02-15T18:45:59 EST" name="clearAppData" finished-at="2024-02-15T18:45:59 EST" duration-ms="591" status="PASS">
          <reporter-output>
          </reporter-output>
        </test-method> <!-- clearAppData -->
        <test-method is-config="true" signature="setUp()[pri:0, instance:org.thescore.TheScoreTest.MainTest@4201c465]" started-at="2024-02-15T18:45:59 EST" name="setUp" finished-at="2024-02-15T18:46:00 EST" duration-ms="567" status="PASS">
          <reporter-output>
          </reporter-output>
        </test-method> <!-- setUp -->
        <test-method signature="TC01_OnboardUserandFindTeam(java.util.HashMap)[pri:0, instance:org.thescore.TheScoreTest.MainTest@4201c465]" started-at="2024-02-15T18:46:00 EST" name="TC01_OnboardUserandFindTeam" data-provider="getData" finished-at="2024-02-15T18:46:34 EST" duration-ms="34332" status="PASS">
          <params>
            <param index="0">
              <value>
                <![CDATA[{sport=NBA Basketball, league=NBA, team=Toronto Raptors}]]>
              </value>
            </param>
          </params>
          <reporter-output>
            <line>
              <![CDATA[Validate app welcome page text...]]>
            </line>
            <line>
              <![CDATA[<h4>Completed the score onboarding flow</h4>]]>
            </line>
            <line>
              <![CDATA[1.Find and select team]]>
            </line>
            <line>
              <![CDATA[2.Verify that the team page opens correctly.]]>
            </line>
            <line>
              <![CDATA[<h4>Team name verification passed successfully.</h4>]]>
            </line>
            <line>
              <![CDATA[3.Tap on  player sub-tab ]]>
            </line>
            <line>
              <![CDATA[4.Verify correct tab and data displayed correctly]]>
            </line>
            <line>
              <![CDATA[<h4>Player Tab displayed successfully.</h4>]]>
            </line>
            <line>
              <![CDATA[5.Verify that back navigation returns to the previous page correctly.]]>
            </line>
            <line>
              <![CDATA[<h4>Navigated to previous page succeessfully</h4>]]>
            </line>
          </reporter-output>
        </test-method> <!-- TC01_OnboardUserandFindTeam -->
        <test-method is-config="true" signature="clearAppData()[pri:0, instance:org.thescore.TheScoreTest.MainTest@4201c465]" started-at="2024-02-15T18:46:34 EST" name="clearAppData" finished-at="2024-02-15T18:46:35 EST" duration-ms="418" status="PASS">
          <reporter-output>
          </reporter-output>
        </test-method> <!-- clearAppData -->
        <test-method is-config="true" signature="setUp()[pri:0, instance:org.thescore.TheScoreTest.MainTest@4201c465]" started-at="2024-02-15T18:46:35 EST" name="setUp" finished-at="2024-02-15T18:46:35 EST" duration-ms="451" status="PASS">
          <reporter-output>
          </reporter-output>
        </test-method> <!-- setUp -->
        <test-method signature="TC02_RefreshResultsBug()[pri:0, instance:org.thescore.TheScoreTest.MainTest@4201c465]" started-at="2024-02-15T18:46:35 EST" name="TC02_RefreshResultsBug" description="Test to demonstrate a bug in the app related to refreshing results" finished-at="2024-02-15T18:46:52 EST" duration-ms="16939" status="FAIL">
          <exception class="org.openqa.selenium.TimeoutException">
            <message>
              <![CDATA[Expected condition failed: waiting for invisibility of Located by By.chained({AppiumBy.id: com.fivemobile.thescore:id/error_view}) (tried for 2 second(s) with 500 milliseconds interval)
Build info: version: '4.17.0', revision: 'e52b1be057*'
System info: os.name: 'Windows 11', os.arch: 'amd64', os.version: '10.0', java.version: '21.0.1'
Driver info: io.appium.java_client.android.AndroidDriver
Capabilities {appium:app: C:\Users\bungh\eclipse-work..., appium:appPackage: com.fivemobile.thescore, appium:autoGrantPermissions: true, appium:automationName: UIAutomator2, appium:databaseEnabled: false, appium:desired: {app: C:\Users\bungh\eclipse-work..., autoGrantPermissions: true, automationName: UIAutomator2, deviceName: AshDevice, platformName: ANDROID}, appium:deviceApiLevel: 33, appium:deviceManufacturer: Google, appium:deviceModel: sdk_gphone_x86_64, appium:deviceName: emulator-5554, appium:deviceScreenDensity: 420, appium:deviceScreenSize: 1080x2400, appium:deviceUDID: emulator-5554, appium:javascriptEnabled: true, appium:locationContextEnabled: false, appium:networkConnectionEnabled: true, appium:pixelRatio: 2.625, appium:platformVersion: 13, appium:statBarHeight: 128, appium:takesScreenshot: true, appium:viewportRect: {height: 2081, left: 0, top: 128, width: 1080}, appium:warnings: {}, appium:webStorageEnabled: false, platformName: ANDROID}
Session ID: d81b27d0-df21-4c35-ba99-cbd5317203eb]]>
            </message>
            <full-stacktrace>
              <![CDATA[org.openqa.selenium.TimeoutException: Expected condition failed: waiting for invisibility of Located by By.chained({AppiumBy.id: com.fivemobile.thescore:id/error_view}) (tried for 2 second(s) with 500 milliseconds interval)
Build info: version: '4.17.0', revision: 'e52b1be057*'
System info: os.name: 'Windows 11', os.arch: 'amd64', os.version: '10.0', java.version: '21.0.1'
Driver info: io.appium.java_client.android.AndroidDriver
Capabilities {appium:app: C:\Users\bungh\eclipse-work..., appium:appPackage: com.fivemobile.thescore, appium:autoGrantPermissions: true, appium:automationName: UIAutomator2, appium:databaseEnabled: false, appium:desired: {app: C:\Users\bungh\eclipse-work..., autoGrantPermissions: true, automationName: UIAutomator2, deviceName: AshDevice, platformName: ANDROID}, appium:deviceApiLevel: 33, appium:deviceManufacturer: Google, appium:deviceModel: sdk_gphone_x86_64, appium:deviceName: emulator-5554, appium:deviceScreenDensity: 420, appium:deviceScreenSize: 1080x2400, appium:deviceUDID: emulator-5554, appium:javascriptEnabled: true, appium:locationContextEnabled: false, appium:networkConnectionEnabled: true, appium:pixelRatio: 2.625, appium:platformVersion: 13, appium:statBarHeight: 128, appium:takesScreenshot: true, appium:viewportRect: {height: 2081, left: 0, top: 128, width: 1080}, appium:warnings: {}, appium:webStorageEnabled: false, platformName: ANDROID}
Session ID: d81b27d0-df21-4c35-ba99-cbd5317203eb
at org.openqa.selenium.support.ui.WebDriverWait.timeoutException(WebDriverWait.java:84)
at org.openqa.selenium.support.ui.FluentWait.until(FluentWait.java:228)
at org.thescore.pageObjects.android.ChooseTeamPage.searchAndhandleError(ChooseTeamPage.java:109)
at org.thescore.TheScoreTest.MainTest.TC02_RefreshResultsBug(MainTest.java:95)
at java.base/jdk.internal.reflect.DirectMethodHandleAccessor.invoke(DirectMethodHandleAccessor.java:103)
at java.base/java.lang.reflect.Method.invoke(Method.java:580)
at org.testng.internal.invokers.MethodInvocationHelper.invokeMethod(MethodInvocationHelper.java:139)
at org.testng.internal.invokers.TestInvoker.invokeMethod(TestInvoker.java:664)
at org.testng.internal.invokers.TestInvoker.invokeTestMethod(TestInvoker.java:227)
at org.testng.internal.invokers.MethodRunner.runInSequence(MethodRunner.java:50)
at org.testng.internal.invokers.TestInvoker$MethodInvocationAgent.invoke(TestInvoker.java:957)
at org.testng.internal.invokers.TestInvoker.invokeTestMethods(TestInvoker.java:200)
at org.testng.internal.invokers.TestMethodWorker.invokeTestMethods(TestMethodWorker.java:148)
at org.testng.internal.invokers.TestMethodWorker.run(TestMethodWorker.java:128)
at java.base/java.util.ArrayList.forEach(ArrayList.java:1596)
at org.testng.TestRunner.privateRun(TestRunner.java:848)
at org.testng.TestRunner.run(TestRunner.java:621)
at org.testng.SuiteRunner.runTest(SuiteRunner.java:443)
at org.testng.SuiteRunner.runSequentially(SuiteRunner.java:437)
at org.testng.SuiteRunner.privateRun(SuiteRunner.java:397)
at org.testng.SuiteRunner.run(SuiteRunner.java:336)
at org.testng.SuiteRunnerWorker.runSuite(SuiteRunnerWorker.java:52)
at org.testng.SuiteRunnerWorker.run(SuiteRunnerWorker.java:95)
at org.testng.TestNG.runSuitesSequentially(TestNG.java:1280)
at org.testng.TestNG.runSuitesLocally(TestNG.java:1200)
at org.testng.TestNG.runSuites(TestNG.java:1114)
at org.testng.TestNG.run(TestNG.java:1082)
at org.apache.maven.surefire.testng.TestNGExecutor.run(TestNGExecutor.java:308)
at org.apache.maven.surefire.testng.TestNGXmlTestSuite.execute(TestNGXmlTestSuite.java:71)
at org.apache.maven.surefire.testng.TestNGProvider.invoke(TestNGProvider.java:113)
at org.apache.maven.surefire.booter.ForkedBooter.runSuitesInProcess(ForkedBooter.java:385)
at org.apache.maven.surefire.booter.ForkedBooter.execute(ForkedBooter.java:162)
at org.apache.maven.surefire.booter.ForkedBooter.run(ForkedBooter.java:507)
at org.apache.maven.surefire.booter.ForkedBooter.main(ForkedBooter.java:495)
]]>
            </full-stacktrace>
          </exception> <!-- org.openqa.selenium.TimeoutException -->
          <reporter-output>
          </reporter-output>
        </test-method> <!-- TC02_RefreshResultsBug -->
        <test-method is-config="true" signature="clearAppData()[pri:0, instance:org.thescore.TheScoreTest.MainTest@4201c465]" started-at="2024-02-15T18:46:52 EST" name="clearAppData" finished-at="2024-02-15T18:46:53 EST" duration-ms="458" status="PASS">
          <reporter-output>
          </reporter-output>
        </test-method> <!-- clearAppData -->
        <test-method is-config="true" signature="tearDown()[pri:0, instance:org.thescore.TheScoreTest.MainTest@4201c465]" started-at="2024-02-15T18:46:53 EST" name="tearDown" finished-at="2024-02-15T18:46:54 EST" duration-ms="941" status="PASS">
          <reporter-output>
          </reporter-output>
        </test-method> <!-- tearDown -->
        <test-method is-config="true" signature="tearDownSuite()[pri:0, instance:org.thescore.TheScoreTest.MainTest@4201c465]" started-at="2024-02-15T18:46:54 EST" name="tearDownSuite" finished-at="2024-02-15T18:46:54 EST" duration-ms="11" status="PASS">
          <reporter-output>
          </reporter-output>
        </test-method> <!-- tearDownSuite -->
      </class> <!-- org.thescore.TheScoreTest.MainTest -->
    </test> <!-- The Score - End to end Framework Test -->
  </suite> <!-- Suite -->
</testng-results>
